Flutter crash report.
Please report a bug at https://github.com/flutter/flutter/issues.

## command

flutter widget-preview start --machine --web-server --dtd-url ws://127.0.0.1:53650/EWZ2ozWsUO0= --devtools-server-address http://127.0.0.1:9100/

## exception

StateError: Bad state: Could not determine run package name. Project path "C:\Users\hp\OneDrive\Documents\nexus_fertility_app\.dart_tool\widget_preview_scaffold\" did not occur as package root in package config "C:\Users\hp\OneDrive\Documents\nexus_fertility_app\.dart_tool\package_config.json". Please report a reproduction on https://github.com/flutter/flutter/issues/169475.

```
#0      DartBuild.build (package:flutter_tools/src/build_system/targets/native_assets.dart:50:7)
<asynchronous suspension>
#1      _BuildInstance._invokeInternal (package:flutter_tools/src/build_system/build_system.dart:873:9)
<asynchronous suspension>
#2      FlutterBuildSystem.build (package:flutter_tools/src/build_system/build_system.dart:631:16)
<asynchronous suspension>
#3      FlutterHookRunnerNative.runHooks (package:flutter_tools/src/build_system/targets/hook_runner_native.dart:30:35)
<asynchronous suspension>
#4      ResidentWebRunner._updateDevFS (package:flutter_tools/src/isolated/resident_web_runner.dart:760:28)
<asynchronous suspension>
#5      ResidentWebRunner.run.<anonymous closure> (package:flutter_tools/src/isolated/resident_web_runner.dart:324:41)
<asynchronous suspension>
#6      asyncGuard.<anonymous closure> (package:flutter_tools/src/base/async_guard.dart:108:24)
<asynchronous suspension>
```

## flutter doctor

```
[✓] Flutter (Channel stable, 3.38.3, on Microsoft Windows [Version 10.0.22631.5189], locale en-US) [3.5s]
    • Flutter version 3.38.3 on channel stable at C:\Users\hp\OneDrive\Documents\flutter\lib\flutter
    • Upstream repository https://github.com/flutter/flutter.git
    • Framework revision 19074d12f7 (4 weeks ago), 2025-11-20 17:53:13 -0500
    • Engine revision 13e658725d
    • Dart version 3.10.1
    • DevTools version 2.51.1
    • Feature flags: enable-web, enable-linux-desktop, enable-macos-desktop, enable-windows-desktop, enable-android, enable-ios, cli-animations, enable-native-assets, omit-legacy-version-file, enable-lldb-debugging

[✓] Windows Version (11 Pro 64-bit, 23H2, 2009) [12.6s]

[✗] Android toolchain - develop for Android devices [246ms]
    ✗ Unable to locate Android SDK.
      Install Android Studio from: https://developer.android.com/studio/index.html
      On first launch it will assist you in installing the Android SDK components.
      (or visit https://flutter.dev/to/windows-android-setup for detailed instructions).
      If the Android SDK has been installed to a custom location, please use
      `flutter config --android-sdk` to update to that location.


[✓] Chrome - develop for the web [118ms]
    • Chrome at C:\Program Files\Google\Chrome\Application\chrome.exe

[✗] Visual Studio - develop Windows apps [112ms]
    ✗ Visual Studio not installed; this is necessary to develop Windows apps.
      Download at https://visualstudio.microsoft.com/downloads/.
      Please install the "Desktop development with C++" workload, including all of its default components

[✓] Connected device (3 available) [1,431ms]
    • Windows (desktop) • windows • windows-x64    • Microsoft Windows [Version 10.0.22631.5189]
    • Chrome (web)      • chrome  • web-javascript • Google Chrome 143.0.7499.41
    • Edge (web)        • edge    • web-javascript • Microsoft Edge 143.0.3650.80

[✓] Network resources [1,106ms]
    • All expected network resources are available.

! Doctor found issues in 2 categories.
```
